#
# A fatal error has been detected by the Java Runtime Environment:
#
#  Internal Error (0xc000000d), pid=6596, tid=0x0000000000002074
#
# JRE version: Java(TM) SE Runtime Environment (8.0_101-b13) (build 1.8.0_101-b13)
# Java VM: Java HotSpot(TM) 64-Bit Server VM (25.101-b13 mixed mode windows-amd64 compressed oops)
# Problematic frame:
# C  [ntdll.dll+0xff44c]
#
# Failed to write core dump. Minidumps are not enabled by default on client versions of Windows
#
# If you would like to submit a bug report, please visit:
#   http://bugreport.java.com/bugreport/crash.jsp
#

---------------  T H R E A D  ---------------

Current thread (0x0000000015558000):  VMThread [stack: 0x00000000165f0000,0x00000000166f0000] [id=8308]

siginfo: ExceptionCode=0xc000000d

Registers:
RAX=0x0000000000000000, RBX=0x000000001d3e82f0, RCX=0x0000000000000000, RDX=0x0000000000000000
RSP=0x00000000166eef80, RBP=0x0000000000000000, RSI=0x0000000018e00780, RDI=0x0000000018e18980
R8 =0x0000000000000000, R9 =0x0000000000000000, R10=0x0000000000000000, R11=0x0000000000000000
R12=0x0000000000000000, R13=0x00000000ffffffff, R14=0x0000000018dd5c70, R15=0x0000000018e00780
RIP=0x00007ffb8f81f44c, EFLAGS=0x0000000000000206

Top of Stack: (sp=0x00000000166eef80)
0x00000000166eef80:   0000000000000057 000000001d3e82f0
0x00000000166eef90:   0000000018e00780 0000000018e18980
0x00000000166eefa0:   00000000c000000d 0000000000000000
0x00000000166eefb0:   00007ffb8f81f44c 0000000000000000
0x00000000166eefc0:   0000000000000000 0000000000000000
0x00000000166eefd0:   0000000000000000 0000000000000000
0x00000000166eefe0:   0000000000000000 0000000000000000
0x00000000166eeff0:   0000000000000000 0000000000000000
0x00000000166ef000:   0000000000000000 0000000000000000
0x00000000166ef010:   0000000000000000 0000000000000000
0x00000000166ef020:   0000000000000000 0000000000000000
0x00000000166ef030:   0000000000000000 0000000000000003
0x00000000166ef040:   0000fe1ea4ff38fd 0000000000000000
0x00000000166ef050:   0000000000bfc000 00007ffb8f7e1899
0x00000000166ef060:   0000000000980000 00007ffb7deee8db
0x00000000166ef070:   00000000ffffffff 0000000000000000 

Instructions: (pc=0x00007ffb8f81f44c)
0x00007ffb8f81f42c:   d5 fa ff c7 44 24 20 0d 00 00 c0 b9 57 00 00 00
0x00007ffb8f81f43c:   e8 7f 13 f6 ff 90 48 8d 4c 24 20 e8 04 bf f4 ff
0x00007ffb8f81f44c:   eb 00 48 8b 8c 24 c0 00 00 00 48 33 cc e8 82 74
0x00007ffb8f81f45c:   f9 ff 48 81 c4 d8 00 00 00 c3 40 55 48 83 ec 20 


Register to memory mapping:

RAX=0x0000000000000000 is an unknown value
RBX=0x000000001d3e82f0 is an unknown value
RCX=0x0000000000000000 is an unknown value
RDX=0x0000000000000000 is an unknown value
RSP=0x00000000166eef80 is an unknown value
RBP=0x0000000000000000 is an unknown value
RSI=0x0000000018e00780 is an unknown value
RDI=0x0000000018e18980 is an unknown value
R8 =0x0000000000000000 is an unknown value
R9 =0x0000000000000000 is an unknown value
R10=0x0000000000000000 is an unknown value
R11=0x0000000000000000 is an unknown value
R12=0x0000000000000000 is an unknown value
R13=0x00000000ffffffff is an unallocated location in the heap
R14=0x0000000018dd5c70 is an unknown value
R15=0x0000000018e00780 is an unknown value


Stack: [0x00000000165f0000,0x00000000166f0000],  sp=0x00000000166eef80,  free space=1019k
Native frames: (J=compiled Java code, j=interpreted, Vv=VM code, C=native code)

VM_Operation (0x0000000018cacfd0): Exit, mode: safepoint, requested by thread 0x0000000018450000


---------------  P R O C E S S  ---------------

Java Threads: ( => current thread )
  0x0000000018450000 JavaThread "AWT-EventQueue-0" [_thread_blocked, id=10416, stack(0x0000000018bb0000,0x0000000018cb0000)]
  0x0000000016fdb800 JavaThread "AWT-Shutdown" [_thread_blocked, id=6544, stack(0x00000000178f0000,0x00000000179f0000)]
  0x0000000016f7d000 JavaThread "Java2D Disposer" daemon [_thread_blocked, id=6500, stack(0x00000000177f0000,0x00000000178f0000)]
  0x0000000016c72800 JavaThread "Service Thread" daemon [_thread_blocked, id=9096, stack(0x00000000171f0000,0x00000000172f0000)]
  0x0000000016bfd800 JavaThread "C1 CompilerThread2" daemon [_thread_blocked, id=12344, stack(0x00000000170f0000,0x00000000171f0000)]
  0x0000000016bf2800 JavaThread "C2 CompilerThread1" daemon [_thread_blocked, id=4512, stack(0x0000000016ff0000,0x00000000170f0000)]
  0x00000000155eb800 JavaThread "C2 CompilerThread0" daemon [_thread_blocked, id=7440, stack(0x0000000016af0000,0x0000000016bf0000)]
  0x00000000155e9800 JavaThread "Attach Listener" daemon [_thread_blocked, id=7264, stack(0x00000000169f0000,0x0000000016af0000)]
  0x000000001557a000 JavaThread "Finalizer" daemon [_thread_blocked, id=8420, stack(0x00000000167f0000,0x00000000168f0000)]
  0x0000000002f5f000 JavaThread "Reference Handler" daemon [_thread_blocked, id=10576, stack(0x00000000166f0000,0x00000000167f0000)]
  0x0000000002e70800 JavaThread "main" [_thread_blocked, id=4420, stack(0x00000000029a0000,0x0000000002aa0000)]

Other Threads:
=>0x0000000015558000 VMThread [stack: 0x00000000165f0000,0x00000000166f0000] [id=8308]

VM state:at safepoint (shutting down)

VM Mutex/Monitor currently owned by a thread:  ([mutex/lock_event])
[0x000000000300c320] Threads_lock - owner thread: 0x0000000015558000

Heap:
 PSYoungGen      total 18432K, used 10655K [0x00000000eb600000, 0x00000000eca80000, 0x0000000100000000)
  eden space 15872K, 67% used [0x00000000eb600000,0x00000000ec067c60,0x00000000ec580000)
  from space 2560K, 0% used [0x00000000ec800000,0x00000000ec800000,0x00000000eca80000)
  to   space 2560K, 0% used [0x00000000ec580000,0x00000000ec580000,0x00000000ec800000)
 ParOldGen       total 42496K, used 0K [0x00000000c2200000, 0x00000000c4b80000, 0x00000000eb600000)
  object space 42496K, 0% used [0x00000000c2200000,0x00000000c2200000,0x00000000c4b80000)
 Metaspace       used 8971K, capacity 9156K, committed 9472K, reserved 1056768K
  class space    used 1064K, capacity 1156K, committed 1280K, reserved 1048576K

Card table byte_map: [0x00000000123d0000,0x00000000125c0000] byte_map_base: 0x0000000011dbf000

Marking Bits: (ParMarkBitMap*) 0x000000005b56a6d0
 Begin Bits: [0x0000000012b10000, 0x0000000013a88000)
 End Bits:   [0x0000000013a88000, 0x0000000014a00000)

Polling page: 0x0000000001150000

CodeCache: size=245760Kb used=1907Kb max_used=1907Kb free=243852Kb
 bounds [0x0000000003010000, 0x0000000003280000, 0x0000000012010000]
 total_blobs=844 nmethods=356 adapters=401
 compilation: enabled

Compilation events (10 events):
Event: 0.503 Thread 0x0000000016bfd800  352       1       java.awt.AWTEvent::getID (5 bytes)
Event: 0.503 Thread 0x0000000016bfd800 nmethod 352 0x00000000031e9910 code [0x00000000031e9a60, 0x00000000031e9b70]
Event: 1.136 Thread 0x0000000016bfd800  353       3       sun.awt.AWTAutoShutdown::getInstance (4 bytes)
Event: 1.136 Thread 0x0000000016bfd800 nmethod 353 0x00000000031e95d0 code [0x00000000031e9720, 0x00000000031e9850]
Event: 1.150 Thread 0x0000000016bfd800  354       3       sun.awt.AWTAutoShutdown::isReadyToShutdown (37 bytes)
Event: 1.150 Thread 0x0000000016bfd800 nmethod 354 0x00000000031ec5d0 code [0x00000000031ec760, 0x00000000031ecb18]
Event: 1.166 Thread 0x0000000016bfd800  355       3       java.util.IdentityHashMap::isEmpty (13 bytes)
Event: 1.166 Thread 0x0000000016bfd800 nmethod 355 0x00000000031ecc10 code [0x00000000031ecd60, 0x00000000031ecf10]
Event: 1.248 Thread 0x0000000016bfd800  356   !   3       sun.awt.AWTAutoShutdown::setToolkitBusy (124 bytes)
Event: 1.248 Thread 0x0000000016bfd800 nmethod 356 0x00000000031ecf90 code [0x00000000031ed160, 0x00000000031ed9e8]

GC Heap History (0 events):
No events

Deoptimization events (1 events):
Event: 0.225 Thread 0x0000000002e70800 Uncommon trap: reason=null_check action=make_not_entrant pc=0x000000000318261c method=java.lang.String.equals(Ljava/lang/Object;)Z @ 8

Internal exceptions (10 events):
Event: 0.143 Thread 0x0000000002e70800 Exception <a 'java/security/PrivilegedActionException'> (0x00000000eb6d6568) thrown at [C:\re\workspace\8-2-build-windows-amd64-cygwin\jdk8u101\7261\hotspot\src\share\vm\prims\jvm.cpp, line 1386]
Event: 0.144 Thread 0x0000000002e70800 Exception <a 'java/security/PrivilegedActionException'> (0x00000000eb6da1b0) thrown at [C:\re\workspace\8-2-build-windows-amd64-cygwin\jdk8u101\7261\hotspot\src\share\vm\prims\jvm.cpp, line 1386]
Event: 0.144 Thread 0x0000000002e70800 Exception <a 'java/security/PrivilegedActionException'> (0x00000000eb6da3c0) thrown at [C:\re\workspace\8-2-build-windows-amd64-cygwin\jdk8u101\7261\hotspot\src\share\vm\prims\jvm.cpp, line 1386]
Event: 0.152 Thread 0x0000000002e70800 Exception <a 'java/io/FileNotFoundException'> (0x00000000eb6dd520) thrown at [C:\re\workspace\8-2-build-windows-amd64-cygwin\jdk8u101\7261\hotspot\src\share\vm\prims\jni.cpp, line 709]
Event: 0.193 Thread 0x0000000002e70800 Exception <a 'java/lang/NoSuchFieldError': method resolution failed> (0x00000000eb7fade8) thrown at [C:\re\workspace\8-2-build-windows-amd64-cygwin\jdk8u101\7261\hotspot\src\share\vm\prims\methodHandles.cpp, line 1146]
Event: 0.196 Thread 0x0000000002e70800 Exception <a 'java/lang/NoSuchFieldError': method resolution failed> (0x00000000eb808490) thrown at [C:\re\workspace\8-2-build-windows-amd64-cygwin\jdk8u101\7261\hotspot\src\share\vm\prims\methodHandles.cpp, line 1146]
Event: 0.225 Thread 0x0000000002e70800 Implicit null exception at 0x000000000318245b to 0x000000000318260d
Event: 0.263 Thread 0x0000000002e70800 Exception <a 'java/io/FileNotFoundException'> (0x00000000eb8e6798) thrown at [C:\re\workspace\8-2-build-windows-amd64-cygwin\jdk8u101\7261\hotspot\src\share\vm\prims\jni.cpp, line 709]
Event: 0.422 Thread 0x0000000002e70800 Exception <a 'java/io/FileNotFoundException'> (0x00000000ebe3bea8) thrown at [C:\re\workspace\8-2-build-windows-amd64-cygwin\jdk8u101\7261\hotspot\src\share\vm\prims\jni.cpp, line 709]
Event: 0.422 Thread 0x0000000002e70800 Exception <a 'java/lang/NullPointerException'> (0x00000000ebe3c550) thrown at [C:\re\workspace\8-2-build-windows-amd64-cygwin\jdk8u101\7261\hotspot\src\share\vm\interpreter\linkResolver.cpp, line 1178]

Events (10 events):
Event: 1.291 loading class javax/swing/JComponent$IntVector done
Event: 1.291 loading class java/awt/AWTEvent$2
Event: 1.291 loading class java/awt/AWTEvent$2 done
Event: 2.006 Thread 0x000000001840b000 Thread added: 0x000000001840b000
Event: 2.006 Thread 0x000000001841d000 Thread added: 0x000000001841d000
Event: 2.007 Thread 0x000000001841d000 Thread exited: 0x000000001841d000
Event: 2.018 Thread 0x0000000016fde000 Thread exited: 0x0000000016fde000
Event: 2.108 Thread 0x000000001840b000 Thread exited: 0x000000001840b000
Event: 2.109 Thread 0x000000001559c000 Thread exited: 0x000000001559c000
Event: 2.109 Executing VM operation: Exit


Dynamic libraries:
0x00007ff7a99e0000 - 0x00007ff7a9a17000 	C:\Program Files\Java\jre1.8.0_101\bin\javaw.exe
0x00007ffb8f720000 - 0x00007ffb8f8f1000 	C:\WINDOWS\SYSTEM32\ntdll.dll
0x00007ffb8e560000 - 0x00007ffb8e60c000 	C:\WINDOWS\System32\KERNEL32.DLL
0x00007ffb8c740000 - 0x00007ffb8c95d000 	C:\WINDOWS\System32\KERNELBASE.dll
0x00007ffb8f670000 - 0x00007ffb8f712000 	C:\WINDOWS\System32\ADVAPI32.dll
0x00007ffb8ea40000 - 0x00007ffb8eade000 	C:\WINDOWS\System32\msvcrt.dll
0x00007ffb8f280000 - 0x00007ffb8f2d9000 	C:\WINDOWS\System32\sechost.dll
0x00007ffb8eee0000 - 0x00007ffb8f001000 	C:\WINDOWS\System32\RPCRT4.dll
0x00007ffb8eae0000 - 0x00007ffb8ec45000 	C:\WINDOWS\System32\USER32.dll
0x00007ffb8c550000 - 0x00007ffb8c56e000 	C:\WINDOWS\System32\win32u.dll
0x00007ffb8ecf0000 - 0x00007ffb8ed24000 	C:\WINDOWS\System32\GDI32.dll
0x00007ffb8ca70000 - 0x00007ffb8cbf2000 	C:\WINDOWS\System32\gdi32full.dll
0x00007ffb7f5c0000 - 0x00007ffb7f83a000 	C:\WINDOWS\WinSxS\amd64_microsoft.windows.common-controls_6595b64144ccf1df_6.0.14393.953_none_42151e83c686086b\COMCTL32.dll
0x00007ffb8f3a0000 - 0x00007ffb8f668000 	C:\WINDOWS\System32\combase.dll
0x00007ffb8bc60000 - 0x00007ffb8bd55000 	C:\WINDOWS\System32\ucrtbase.dll
0x00007ffb8ca00000 - 0x00007ffb8ca6a000 	C:\WINDOWS\System32\bcryptPrimitives.dll
0x00007ffb8ec50000 - 0x00007ffb8ec7e000 	C:\WINDOWS\System32\IMM32.DLL
0x000000005aac0000 - 0x000000005ab92000 	C:\Program Files\Java\jre1.8.0_101\bin\msvcr100.dll
0x000000005ad50000 - 0x000000005b5ea000 	C:\Program Files\Java\jre1.8.0_101\bin\server\jvm.dll
0x00007ffb8f010000 - 0x00007ffb8f018000 	C:\WINDOWS\System32\PSAPI.DLL
0x00007ffb7c370000 - 0x00007ffb7c37a000 	C:\WINDOWS\SYSTEM32\VERSION.dll
0x00007ffb78c70000 - 0x00007ffb78c79000 	C:\WINDOWS\SYSTEM32\WSOCK32.dll
0x00007ffb8a080000 - 0x00007ffb8a0a3000 	C:\WINDOWS\SYSTEM32\WINMM.dll
0x00007ffb8ec80000 - 0x00007ffb8ecea000 	C:\WINDOWS\System32\WS2_32.dll
0x0000000001160000 - 0x000000000118b000 	C:\WINDOWS\SYSTEM32\WINMMBASE.dll
0x00007ffb8bc10000 - 0x00007ffb8bc52000 	C:\WINDOWS\System32\cfgmgr32.dll
0x000000005ba30000 - 0x000000005ba3f000 	C:\Program Files\Java\jre1.8.0_101\bin\verify.dll
0x000000005ac40000 - 0x000000005ac69000 	C:\Program Files\Java\jre1.8.0_101\bin\java.dll
0x000000005ac20000 - 0x000000005ac36000 	C:\Program Files\Java\jre1.8.0_101\bin\zip.dll
0x00007ffb8ce80000 - 0x00007ffb8e388000 	C:\WINDOWS\System32\SHELL32.dll
0x00007ffb8be70000 - 0x00007ffb8c54a000 	C:\WINDOWS\System32\windows.storage.dll
0x00007ffb8bba0000 - 0x00007ffb8bbec000 	C:\WINDOWS\System32\powrprof.dll
0x00007ffb8f340000 - 0x00007ffb8f392000 	C:\WINDOWS\System32\shlwapi.dll
0x00007ffb8bbf0000 - 0x00007ffb8bbff000 	C:\WINDOWS\System32\kernel.appcore.dll
0x00007ffb8cc00000 - 0x00007ffb8cca9000 	C:\WINDOWS\System32\shcore.dll
0x00007ffb8bb80000 - 0x00007ffb8bb94000 	C:\WINDOWS\System32\profapi.dll
0x000000005a920000 - 0x000000005aab8000 	C:\Program Files\Java\jre1.8.0_101\bin\awt.dll
0x00007ffb8ccc0000 - 0x00007ffb8cd7f000 	C:\WINDOWS\System32\OLEAUT32.dll
0x00007ffb8c960000 - 0x00007ffb8c9fc000 	C:\WINDOWS\System32\msvcp_win.dll
0x00007ffb8a000000 - 0x00007ffb8a07a000 	C:\WINDOWS\SYSTEM32\apphelp.dll
0x00007ffb42e80000 - 0x00007ffb44d77000 	C:\Users\koko0\Downloads\opencv\build\java\x64\opencv_java320.dll
0x00007ffb8f0c0000 - 0x00007ffb8f1f8000 	C:\WINDOWS\System32\ole32.dll
0x00007ffb7e0c0000 - 0x00007ffb7e0d8000 	C:\WINDOWS\SYSTEM32\AVICAP32.dll
0x00007ffb7fd00000 - 0x00007ffb7fd20000 	C:\WINDOWS\SYSTEM32\AVIFIL32.dll
0x00007ffb791a0000 - 0x00007ffb791c9000 	C:\WINDOWS\SYSTEM32\MSVFW32.dll
0x00007ffb74050000 - 0x00007ffb7406c000 	C:\WINDOWS\SYSTEM32\MSACM32.dll
0x00007ffb89e30000 - 0x00007ffb89e56000 	C:\WINDOWS\system32\DWMAPI.DLL
0x00007ffb8a300000 - 0x00007ffb8a395000 	C:\WINDOWS\system32\uxtheme.dll
0x00007ffb8e400000 - 0x00007ffb8e55a000 	C:\WINDOWS\System32\MSCTF.dll
0x000000005a8e0000 - 0x000000005a911000 	C:\Program Files\Java\jre1.8.0_101\bin\jpeg.dll
0x000000005a890000 - 0x000000005a8d7000 	C:\Program Files\Java\jre1.8.0_101\bin\fontmanager.dll
0x00007ffb8f020000 - 0x00007ffb8f0bf000 	C:\WINDOWS\System32\clbcatq.dll
0x00007ffb75170000 - 0x00007ffb75188000 	C:\Windows\System32\devenum.dll
0x00007ffb8e610000 - 0x00007ffb8ea39000 	C:\WINDOWS\System32\setupapi.dll
0x00007ffb8af20000 - 0x00007ffb8af52000 	C:\WINDOWS\SYSTEM32\ntmarta.dll
0x00007ffb8a750000 - 0x00007ffb8a778000 	C:\WINDOWS\SYSTEM32\DEVOBJ.dll
0x00007ffb8bd60000 - 0x00007ffb8bdb5000 	C:\WINDOWS\System32\WINTRUST.dll
0x00007ffb8bc00000 - 0x00007ffb8bc10000 	C:\WINDOWS\System32\MSASN1.dll
0x00007ffb8c570000 - 0x00007ffb8c739000 	C:\WINDOWS\System32\CRYPT32.dll
0x00007ffb84870000 - 0x00007ffb8487a000 	C:\WINDOWS\SYSTEM32\msdmo.dll
0x00007ffb740e0000 - 0x00007ffb74113000 	C:\Windows\System32\qcap.dll
0x00007ffb63bb0000 - 0x00007ffb63d73000 	C:\Windows\System32\quartz.dll
0x00007ffb8bac0000 - 0x00007ffb8baeb000 	C:\Windows\System32\bcrypt.dll
0x000000005a860000 - 0x000000005a88a000 	C:\Program Files\Java\jre1.8.0_101\bin\dcpr.dll
0x00007ffb73d70000 - 0x00007ffb73db8000 	C:\Windows\System32\mfksproxy.dll
0x00007ffb864e0000 - 0x00007ffb864fc000 	C:\Windows\System32\ATL.DLL
0x00007ffb7de60000 - 0x00007ffb7deae000 	C:\Windows\System32\MFSENSORGROUP.dll
0x00007ffb86850000 - 0x00007ffb869b8000 	C:\Windows\System32\MFPlat.DLL
0x00007ffb86650000 - 0x00007ffb8667e000 	C:\Windows\System32\RTWorkQ.DLL
0x00007ffb4f040000 - 0x00007ffb4f44a000 	C:\Windows\System32\MFCORE.dll
0x00007ffb7e080000 - 0x00007ffb7e089000 	C:\Windows\System32\ksuser.dll
0x00007ffb8b610000 - 0x00007ffb8b61b000 	C:\Windows\System32\CRYPTBASE.DLL
0x00007ffb647a0000 - 0x00007ffb647f3000 	C:\Windows\System32\FSClient.dll
0x00007ffb88020000 - 0x00007ffb8802b000 	C:\Windows\System32\AVRT.dll
0x00007ffb84240000 - 0x00007ffb8424d000 	C:\Windows\System32\vidcap.ax
0x00007ffb74070000 - 0x00007ffb74095000 	C:\Windows\System32\kswdmcap.ax
0x00007ffb63780000 - 0x00007ffb638e3000 	C:\Windows\System32\MFC42.dll
0x00007ffb63a30000 - 0x00007ffb63adf000 	C:\Windows\System32\ODBC32.dll
0x00007ffb8b090000 - 0x00007ffb8b09a000 	C:\Windows\System32\DPAPI.dll
0x00007ffb80df0000 - 0x00007ffb80e33000 	C:\WINDOWS\SYSTEM32\policymanager.dll
0x00007ffb8a500000 - 0x00007ffb8a591000 	C:\Windows\System32\msvcp110_win.dll
0x00007ffb7ded0000 - 0x00007ffb7dfa4000 	C:\Windows\System32\MFReadWrite.dll
0x00007ffb624b0000 - 0x00007ffb62553000 	C:\Windows\System32\qedit.dll
0x00007ffb8cd80000 - 0x00007ffb8ce7a000 	C:\WINDOWS\System32\COMDLG32.dll
0x00007ffb7ea60000 - 0x00007ffb7ebfa000 	C:\WINDOWS\WinSxS\amd64_microsoft.windows.gdiplus_6595b64144ccf1df_1.1.14393.953_none_7300116921188239\gdiplus.dll
0x00007ffb6b2a0000 - 0x00007ffb6b397000 	C:\Windows\System32\DDRAW.dll
0x00007ffb6b220000 - 0x00007ffb6b228000 	C:\Windows\System32\DCIMAN32.dll
0x00007ffb89560000 - 0x00007ffb896e5000 	C:\WINDOWS\SYSTEM32\PROPSYS.dll
0x00007ffb884b0000 - 0x00007ffb884e8000 	C:\Windows\System32\IME\IMEKR\imkrapi.dll
0x00007ffb84330000 - 0x00007ffb84365000 	C:\Windows\System32\IME\shared\imjkapi.dll
0x00007ffb7f590000 - 0x00007ffb7f59c000 	C:\WINDOWS\SYSTEM32\msyuv.dll
0x00007ffb7a4e0000 - 0x00007ffb7a672000 	C:\WINDOWS\SYSTEM32\dbghelp.dll

VM Arguments:
jvm_args: -Djava.library.path=C:\Users\koko0\Downloads\opencv\build\java\x64 -Dfile.encoding=MS949 
java_command: GUI.BoardPanel
java_class_path (initial): C:\Users\koko0\workspace\Opencv_Test\bin;C:\Users\koko0\Downloads\opencv\build\java\opencv-320.jar
Launcher Type: SUN_STANDARD

Environment Variables:
PATH=C:/Program Files/Java/jre1.8.0_101/bin/server;C:/Program Files/Java/jre1.8.0_101/bin;C:/Program Files/Java/jre1.8.0_101/lib/amd64;C:\Users\koko0\Downloads\opencv\build\x64\vc14\bin;C:\ProgramData\Oracle\Java\javapath;C:\Program Files (x86)\Intel\iCLS Client\;C:\Program Files\Intel\iCLS Client\;C:\WINDOWS\system32;C:\WINDOWS;C:\WINDOWS\System32\Wbem;C:\WINDOWS\System32\WindowsPowerShell\v1.0\;C:\Program Files (x86)\Intel\Intel(R) Management Engine Components\DAL;C:\Program Files\Intel\Intel(R) Management Engine Components\DAL;C:\Program Files (x86)\Intel\Intel(R) Management Engine Components\IPT;C:\Program Files\Intel\Intel(R) Management Engine Components\IPT;C:\Users\koko0\.dnx\bin;C:\Program Files\Microsoft DNX\Dnvm\;C:\Program Files (x86)\Windows Kits\8.1\Windows Performance Toolkit\;C:\Program Files\Microsoft SQL Server\130\Tools\Binn\;C:\Program Files (x86)\MySQL\MySQL Fabric 1.5 & MySQL Utilities 1.5\;C:\Program Files (x86)\MySQL\MySQL Fabric 1.5 & MySQL Utilities 1.5\Doctrine extensions for PHP\;C:\Program Files\Git\cmd;C:\opencv\build\x86\vc12\bin;C:\Program Files (x86)\GtkSharp\2.12\bin;C:\Program Files\Intel\WiFi\bin\;C:\Program Files\Common Files\Intel\WirelessCommon\;C:\Users\koko0\Anaconda3;C:\Users\koko0\Anaconda3\Scripts;C:\Users\koko0\Anaconda3\Library\bin;C:\Program Files\Java\jdk1.8.0_73\bin;C:\Users\koko0\AppData\Local\Microsoft\WindowsApps;C:\Users\koko0\Downloads\opencv\build\x64\vc14\bin;C:\opencv\build\x86\vc12\bin;C:\Users\koko0\Desktop\잡동사니\설치모음\eclipse-java-mars-2-win32-x86_64\eclipse;
USERNAME=koko0
OS=Windows_NT
PROCESSOR_IDENTIFIER=Intel64 Family 6 Model 78 Stepping 3, GenuineIntel



---------------  S Y S T E M  ---------------

OS: Windows 10.0 , 64 bit Build 14393 (10.0.14393.1198)

CPU:total 4 (2 cores per cpu, 2 threads per core) family 6 model 78 stepping 3, cmov, cx8, fxsr, mmx, sse, sse2, sse3, ssse3, sse4.1, sse4.2, popcnt, avx, avx2, aes, clmul, erms, rtm, 3dnowpref, lzcnt, ht, tsc, tscinvbit, bmi1, bmi2, adx

Memory: 4k page, physical 4054696k(1042172k free), swap 7331496k(2536544k free)

vm_info: Java HotSpot(TM) 64-Bit Server VM (25.101-b13) for windows-amd64 JRE (1.8.0_101-b13), built on Jun 22 2016 01:21:29 by "java_re" with MS VC++ 10.0 (VS2010)

time: Tue May 23 22:04:49 2017
elapsed time: 5 seconds (0d 0h 0m 5s)

